<?xml version="1.0" encoding="UTF-8"?>
<!-- Generated by org.testng.reporters.JUnitReportReporter -->
<testsuite hostname="ULTP-684" failures="0" tests="1" name="MercuryTourLogin" time="30.781" errors="0" timestamp="07 May 2019 12:45:45 GMT" skipped="0">
  <testcase classname="MercuryTourLogin" name="MercuryLogin" time="30.781"/>
</testsuite> <!-- MercuryTourLogin -->
