<?xml version="1.0" encoding="UTF-8"?>
<!-- Generated by org.testng.reporters.JUnitReportReporter -->
<testsuite hostname="ULTP-684" failures="0" tests="1" name="AddEmployee" time="14.289" errors="0" timestamp="09 Apr 2019 07:07:56 GMT" skipped="0">
  <testcase classname="AddEmployee" name="AddEmployeeUser" time="14.289"/>
</testsuite> <!-- AddEmployee -->
