<?xml version="1.0" encoding="UTF-8"?>
<!-- Generated by org.testng.reporters.JUnitReportReporter -->
<testsuite hostname="ULTP-684" failures="0" tests="1" name="CheckHomePageLinks" time="44.895" errors="0" timestamp="16 Apr 2019 10:46:26 GMT" skipped="0">
  <testcase classname="CheckHomePageLinks" name="CheckHomePageLinks" time="44.895"/>
</testsuite> <!-- CheckHomePageLinks -->
