<?xml version="1.0" encoding="UTF-8"?>
<!-- Generated by org.testng.reporters.JUnitReportReporter -->
<testsuite hostname="ULTP-684" failures="0" tests="2" name="test.TestAdminPage" time="66.423" errors="0" timestamp="19 Apr 2019 10:17:27 GMT" skipped="0">
  <testcase classname="test.TestAdminPage" name="test_search_user" time="24.836"/>
  <testcase classname="test.TestAdminPage" name="test_add_user" time="41.587"/>
</testsuite> <!-- test.TestAdminPage -->
