<?xml version="1.0" encoding="UTF-8"?>
<!-- Generated by org.testng.reporters.JUnitReportReporter -->
<testsuite hostname="ULTP-684" failures="0" tests="1" name="test.TestPIMPage" time="32.794" errors="0" timestamp="23 Apr 2019 12:49:20 GMT" skipped="0">
  <testcase classname="test.TestPIMPage" name="test_search_employee" time="32.794"/>
</testsuite> <!-- test.TestPIMPage -->
