<?xml version="1.0" encoding="UTF-8"?>
<!-- Generated by org.testng.reporters.JUnitReportReporter -->
<testsuite hostname="ULTP-684" failures="0" tests="1" name="test.TestOrangeHRMLogin" time="44.168" errors="0" timestamp="19 Apr 2019 07:38:29 GMT" skipped="0">
  <testcase classname="test.TestOrangeHRMLogin" name="test_login_to_dashboard" time="44.168"/>
</testsuite> <!-- test.TestOrangeHRMLogin -->
