<?xml version="1.0" encoding="UTF-8"?>
<!-- Generated by org.testng.reporters.JUnitReportReporter -->
<testsuite hostname="ULTP-684" failures="0" tests="1" name="test.Test99GuruLogin" time="5.758" errors="0" timestamp="18 Apr 2019 06:46:26 GMT" skipped="0">
  <testcase classname="test.Test99GuruLogin" name="test_Home_Page_Appear_Correct" time="5.758"/>
</testsuite> <!-- test.Test99GuruLogin -->
